2006.09.11 01:00 B D:\Websites\g-bay\images\bike-small.jpg --> www.g-bay.co.uk /httpdocs/images bike-small.jpg
2006.09.11 01:00 B D:\Websites\g-bay\images\cr-logo.gif --> www.g-bay.co.uk /httpdocs/images cr-logo.gif
2006.09.11 01:00 B D:\Websites\g-bay\images\rainbow-logo.gif --> www.g-bay.co.uk /httpdocs/images rainbow-logo.gif
2006.09.11 01:00 B D:\Websites\g-bay\images\wcs-logo.png --> www.g-bay.co.uk /httpdocs/images wcs-logo.png
2006.09.11 01:00 B D:\Websites\g-bay\images\wwf-logo.jpg --> www.g-bay.co.uk /httpdocs/images wwf-logo.jpg
2006.09.13 01:13 B D:\Websites\g-bay\images\bullet-small.jpg --> www.g-bay.co.uk /httpdocs/images bullet-small.jpg
2006.09.13 01:14 B D:\Websites\g-bay\images\creditcards.gif --> www.g-bay.co.uk /httpdocs/images creditcards.gif
2006.09.13 18:07 B D:\Websites\g-bay\images\bike-vsmall.jpg --> www.g-bay.co.uk /httpdocs/images bike-vsmall.jpg
2006.09.13 18:07 B D:\Websites\g-bay\images\tincans-vsmall.jpg --> www.g-bay.co.uk /httpdocs/images tincans-vsmall.jpg
2006.09.14 01:05 B D:\Websites\g-bay\images\contact.jpg --> www.g-bay.co.uk /httpdocs/images contact.jpg
2006.09.17 01:19 B d:\Websites\g-bay\images\MMS-aD.gif --> www.g-bay.co.uk /httpdocs/images MMS-aD.gif
2006.09.19 23:02 B d:\Websites\g-bay\images\tmclogo.jpg --> www.g-bay.co.uk /httpdocs/images tmclogo.jpg
2006.09.19 23:37 B d:\Websites\g-bay\images\tmclogo-small.jpg --> www.g-bay.co.uk /httpdocs/images tmclogo-small.jpg
2006.09.21 00:23 B d:\Websites\g-bay\images\dusty.jpg --> www.g-bay.co.uk /httpdocs/images dusty.jpg
2006.09.21 00:23 B d:\Websites\g-bay\images\groupshot.jpg --> www.g-bay.co.uk /httpdocs/images groupshot.jpg
2006.10.08 23:44 B d:\Websites\g-bay\images\biker1.jpg --> www.g-bay.co.uk /httpdocs/images biker1.jpg
2006.10.08 23:44 B d:\Websites\g-bay\images\db_small.jpg --> www.g-bay.co.uk /httpdocs/images db_small.jpg
2006.10.08 23:44 B d:\Websites\g-bay\images\jumping.gif --> www.g-bay.co.uk /httpdocs/images jumping.gif
2006.10.08 23:44 B d:\Websites\g-bay\images\mattgarciadesignstudio.gif --> www.g-bay.co.uk /httpdocs/images mattgarciadesignstudio.gif
2006.10.08 23:44 B d:\Websites\g-bay\images\mac1logo.gif --> www.g-bay.co.uk /httpdocs/images mac1logo.gif
2006.10.08 23:44 B d:\Websites\g-bay\images\DB.jpg --> www.g-bay.co.uk /httpdocs/images DB.jpg
2006.10.08 23:44 B d:\Websites\g-bay\images\gbaydonate.gif --> www.g-bay.co.uk /httpdocs/images gbaydonate.gif
2006.10.08 23:44 B d:\Websites\g-bay\images\gbayheader.gif --> www.g-bay.co.uk /httpdocs/images gbayheader.gif
2006.10.08 23:44 B d:\Websites\g-bay\images\gbaylogo.gif --> www.g-bay.co.uk /httpdocs/images gbaylogo.gif
2007.02.13 21:32 B d:\Websites\g-bay\images\bike-small.jpg --> www.g-bay.co.uk /httpdocs/mlog bike-small.jpg
2007.03.15 13:11 B d:\Websites\g-bay\images\Pict1511.jpg --> www.g-bay.co.uk /httpdocs/images Pict1511.jpg
2007.03.15 13:11 B d:\Websites\g-bay\images\Pict1511.jpg --> www.g-bay.co.uk /httpdocs/mblog Pict1511.jpg
